<?xml version="1.0" encoding="UTF-8"?>
<testsuite name="RepositoryAdmin.AdminRepositoryMySQLTest" tests="1" skipped="0" failures="0" errors="0" timestamp="2020-11-25T15:42:02" hostname="DANY-PC" time="0.032">
  <properties/>
  <testcase name="modifyName" classname="RepositoryAdmin.AdminRepositoryMySQLTest" time="0.032"/>
  <system-out><![CDATA[]]></system-out>
  <system-err><![CDATA[Loading class `com.mysql.jdbc.Driver'. This is deprecated. The new driver class is `com.mysql.cj.jdbc.Driver'. The driver is automatically registered via the SPI and manual loading of the driver class is generally unnecessary.
]]></system-err>
</testsuite>
