<?xml version="1.0" encoding="UTF-8"?>
<testsuite name="RepositoryAdmin.AdminRepositoryMockTest" tests="1" skipped="0" failures="0" errors="0" timestamp="2020-11-25T15:42:01" hostname="DANY-PC" time="0.002">
  <properties/>
  <testcase name="modifyName" classname="RepositoryAdmin.AdminRepositoryMockTest" time="0.002"/>
  <system-out><![CDATA[]]></system-out>
  <system-err><![CDATA[]]></system-err>
</testsuite>
